Arguments: 
  /home/fadygawargios/.nvm/versions/node/v19.5.0/bin/node /home/fadygawargios/.nvm/versions/node/v19.5.0/bin/yarn start

PATH: 
  /home/fadygawargios/.local/share/pnpm:/home/fadygawargios/.vscode-server/bin/441438abd1ac652551dbe4d408dfcec8a499b8bf/bin/remote-cli:/home/fadygawargios/.local/share/pnpm:/home/fadygawargios/.nvm/versions/node/v19.5.0/bin:/usr/local/sbin:/usr/local/bin:/usr/sbin:/usr/bin:/sbin:/bin:/usr/games:/usr/local/games:/usr/lib/wsl/lib:/mnt/c/Program Files (x86)/NVIDIA Corporation/PhysX/Common:/mnt/c/Program Files (x86)/Common Files/Oracle/Java/javapath:/mnt/c/WINDOWS/system32:/mnt/c/WINDOWS:/mnt/c/WINDOWS/System32/Wbem:/mnt/c/WINDOWS/System32/WindowsPowerShell/v1.0/:/mnt/c/WINDOWS/System32/OpenSSH/:/mnt/c/Program Files/Git/cmd:/mnt/c/Program Files/dotnet/:/mnt/c/Program Files/TortoiseSVN/bin:/mnt/c/Program Files/Microsoft SQL Server/Client SDK/ODBC/170/Tools/Binn/:/mnt/c/Program Files (x86)/Microsoft SQL Server/150/Tools/Binn/:/mnt/c/Program Files/Microsoft SQL Server/150/Tools/Binn/:/mnt/c/Program Files/Microsoft SQL Server/150/DTS/Binn/:/mnt/c/Program Files (x86)/Windows Kits/8.1/Windows Performance Toolkit/:/mnt/c/Users/fadyg/.cargo/bin:/mnt/c/Users/fadyg/AppData/Local/Programs/Python/Python310/Scripts/:/mnt/c/Users/fadyg/AppData/Local/Programs/Python/Python310/:/mnt/c/Users/fadyg/AppData/Local/Microsoft/WindowsApps:/mnt/c/sqlite3:/mnt/c/Users/fadyg/.dotnet/tools:/mnt/c/Users/fadyg/AppData/Local/Programs/Microsoft VS Code/bin

Yarn version: 
  1.22.19

Node version: 
  19.5.0

Platform: 
  linux x64

Trace: 
  Invariant Violation: Script must exist
      at invariant (/home/fadygawargios/.nvm/versions/node/v19.5.0/lib/node_modules/yarn/lib/cli.js:2318:15)
      at /home/fadygawargios/.nvm/versions/node/v19.5.0/lib/node_modules/yarn/lib/cli.js:61545:11
      at Generator.next (<anonymous>)
      at step (/home/fadygawargios/.nvm/versions/node/v19.5.0/lib/node_modules/yarn/lib/cli.js:310:30)
      at /home/fadygawargios/.nvm/versions/node/v19.5.0/lib/node_modules/yarn/lib/cli.js:328:14
      at new Promise (<anonymous>)
      at new F (/home/fadygawargios/.nvm/versions/node/v19.5.0/lib/node_modules/yarn/lib/cli.js:5305:28)
      at /home/fadygawargios/.nvm/versions/node/v19.5.0/lib/node_modules/yarn/lib/cli.js:307:12
      at realRunCommand (/home/fadygawargios/.nvm/versions/node/v19.5.0/lib/node_modules/yarn/lib/cli.js:61630:23)
      at action.action (/home/fadygawargios/.nvm/versions/node/v19.5.0/lib/node_modules/yarn/lib/cli.js:61691:16)

npm manifest: 
  {
    "name": "react-typescript",
    "version": "1.0.0",
    "type": "module",
    "description": "React TypeScript on Replit, using Vite bundler",
    "scripts": {
      "start": "",
      "dev": "vite",
      "build": "tsc && vite build",
      "preview": "vite preview"
    },
    "keywords": [],
    "author": "",
    "license": "ISC",
    "devDependencies": {
      "@types/react": "^18.0.15",
      "@types/react-dom": "^18.0.6",
      "@vitejs/plugin-react": "^2.0.0",
      "autoprefixer": "^10.4.13",
      "postcss": "^8.4.19",
      "react": "^18.2.0",
      "react-dom": "^18.2.0",
      "tailwindcss": "^3.2.4",
      "typescript": "^4.7.4",
      "typescript-language-server": "^0.11.2",
      "vite": "^3.0.4"
    },
    "dependencies": {
      "react-icons": "^4.7.1",
      "react-router-dom": "^6.8.1",
      "react-routes": "^0.2.6"
    }
  }

yarn manifest: 
  No manifest

Lockfile: 
  No lockfile
